<?xml version="1.0" encoding="UTF-8"?>
<!-- Generated by org.testng.reporters.JUnitReportReporter -->
<testsuite skipped="0" hostname="MACAIM00840" name="CoronaSelenium.SeleniumInCorona.Demo" tests="2" failures="0" timestamp="2020-05-09T14:11:23 IST" time="44.553" errors="0">
  <testcase name="highLightText" time="1.837" classname="CoronaSelenium.SeleniumInCorona.Demo"/>
  <testcase name="findbrokenLinks" time="42.716" classname="CoronaSelenium.SeleniumInCorona.Demo"/>
</testsuite> <!-- CoronaSelenium.SeleniumInCorona.Demo -->
