<?xml version="1.0" encoding="UTF-8"?>
<!-- Generated by org.testng.reporters.JUnitReportReporter -->
<testsuite skipped="0" hostname="MACAIM00840" name="CoronaSelenium.SeleniumInCorona.Demo" tests="2" failures="0" timestamp="2020-05-09T21:52:39 IST" time="42.002" errors="0">
  <testcase name="findbrokenLinks" time="40.132" classname="CoronaSelenium.SeleniumInCorona.Demo"/>
  <testcase name="highLightText" time="1.870" classname="CoronaSelenium.SeleniumInCorona.Demo"/>
</testsuite> <!-- CoronaSelenium.SeleniumInCorona.Demo -->
