<?xml version="1.0" encoding="UTF-8"?>
<!-- Generated by org.testng.reporters.JUnitReportReporter -->
<testsuite hostname="MACAIM00840" failures="0" tests="2" name="CoronaSelenium.SeleniumInCorona.Demo" time="41.791" errors="0" timestamp="7 May 2020 09:08:19 GMT">
  <testcase classname="CoronaSelenium.SeleniumInCorona.Demo" name="highLightText" time="2.768"/>
  <testcase classname="CoronaSelenium.SeleniumInCorona.Demo" name="findbrokenLinks" time="39.023"/>
</testsuite> <!-- CoronaSelenium.SeleniumInCorona.Demo -->
