<?xml version="1.0" encoding="UTF-8"?>
<!-- Generated by org.testng.reporters.JUnitReportReporter -->
<testsuite skipped="0" hostname="MACAIM00840" name="CoronaSelenium.SeleniumInCorona.Demo2" tests="2" failures="0" timestamp="2020-05-09T21:52:39 IST" time="3.263" errors="0">
  <testcase name="findbrokenLinks" time="2.192" classname="CoronaSelenium.SeleniumInCorona.Demo2"/>
  <testcase name="highLightText" time="1.071" classname="CoronaSelenium.SeleniumInCorona.Demo2"/>
</testsuite> <!-- CoronaSelenium.SeleniumInCorona.Demo2 -->
